<?xml version="1.0" encoding="UTF-8"?>
<testsuite xmlns:xsi="http://www.w3.org/2001/XMLSchema-instance" xsi:noNamespaceSchemaLocation="https://maven.apache.org/surefire/maven-surefire-plugin/xsd/surefire-test-report.xsd" version="3.0.2" name="com.forum.main.VueForumAfterApplicationTests" time="5.709" tests="1" errors="0" skipped="0" failures="0">
  <properties>
[...]
</properties>
  <testcase name="contextLoads" classname="com.forum.main.VueForumAfterApplicationTests" time="0.916">
    <system-out><![CDATA[08:38:54.569 [main] INFO org.springframework.test.context.support.AnnotationConfigContextLoaderUtils -- Could not detect default configuration classes for test class [com.forum.main.VueForumAfterApplicationTests]: VueForumAfterApplicationTests does not declare any static, non-private, non-final, nested classes annotated with @Configuration.
08:38:54.707 [main] INFO org.springframework.boot.test.context.SpringBootTestContextBootstrapper -- Found @SpringBootConfiguration com.forum.main.VueForumAfterApplication for test class com.forum.main.VueForumAfterApplicationTests
08:38:54.874 [main] INFO org.springframework.boot.devtools.restart.RestartApplicationListener -- Restart disabled due to context in which it is running

  .   ____          _            __ _ _
 /\\ / ___'_ __ _ _(_)_ __  __ _ \ \ \ \
( ( )\___ | '_ | '_| | '_ \/ _` | \ \ \ \
 \\/  ___)| |_)| | | | | || (_| |  ) ) ) )
  '  |____| .__|_| |_|_| |_\__, | / / / /
 =========|_|==============|___/=/_/_/_/

 :: Spring Boot ::                (v3.4.5)

2025-07-01T08:38:55.172+08:00  INFO 37996 --- [           main] c.f.main.VueForumAfterApplicationTests   : Starting VueForumAfterApplicationTests using Java 17.0.4.1 with PID 37996 (started by YeMing in E:\WebSpace\IDEASpace\vue-forum-after)
2025-07-01T08:38:55.174+08:00  INFO 37996 --- [           main] c.f.main.VueForumAfterApplicationTests   : No active profile set, falling back to 1 default profile: "default"
2025-07-01T08:38:56.091+08:00  INFO 37996 --- [           main] .s.d.r.c.RepositoryConfigurationDelegate : Multiple Spring Data modules found, entering strict repository configuration mode
2025-07-01T08:38:56.096+08:00  INFO 37996 --- [           main] .s.d.r.c.RepositoryConfigurationDelegate : Bootstrapping Spring Data Redis repositories in DEFAULT mode.
2025-07-01T08:38:56.151+08:00  INFO 37996 --- [           main] .s.d.r.c.RepositoryConfigurationDelegate : Finished Spring Data repository scanning in 29 ms. Found 0 Redis repository interfaces.
 _ _   |_  _ _|_. ___ _ |    _ 
| | |\/|_)(_| | |_\  |_)||_|_\ 
     /               |         
                        3.5.12 
2025-07-01T08:38:57.939+08:00  INFO 37996 --- [           main] m.e.s.MybatisPlusApplicationContextAware : Register ApplicationContext instances org.springframework.web.context.support.GenericWebApplicationContext@2fb5fe30
2025-07-01T08:38:58.686+08:00  WARN 37996 --- [           main] .s.s.UserDetailsServiceAutoConfiguration : 

Using generated security password: 72f7bd20-d6a5-419b-91f4-aadf2693337f

This generated password is for development use only. Your security configuration must be updated before running your application in production.

2025-07-01T08:38:58.726+08:00  INFO 37996 --- [           main] r$InitializeUserDetailsManagerConfigurer : Global AuthenticationManager configured with UserDetailsService bean with name inMemoryUserDetailsManager
2025-07-01T08:38:59.104+08:00  INFO 37996 --- [           main] .w.s.a.s.AnnotationActionEndpointMapping : Supporting [WS-Addressing August 2004, WS-Addressing 1.0]
2025-07-01T08:38:59.176+08:00  INFO 37996 --- [           main] c.f.main.VueForumAfterApplicationTests   : Started VueForumAfterApplicationTests in 4.313 seconds (process running for 5.721)
]]></system-out>
  </testcase>
</testsuite>